22:40:18.772 [Worker-44] INFO  o.a.AndroidAnnotationProcessor:84 - Initialize AndroidAnnotations 3.2 with options {phase=BUILD}
22:40:18.774 [Worker-44] INFO  o.a.AndroidAnnotationProcessor:108 - Start processing for 3 annotations on 19 elements
22:40:18.792 [Worker-44] DEBUG o.a.h.AndroidManifestFinder:137 - AndroidManifest.xml file found in parent folder C:\Users\Administrator\Desktop\android\OrderManage: C:\Users\Administrator\Desktop\android\OrderManage\AndroidManifest.xml
22:40:18.794 [Worker-44] INFO  o.a.AndroidAnnotationProcessor:171 - AndroidManifest.xml found: AndroidManifest [applicationPackage=com.order.manage, componentQualifiedNames=[com.order.manage.ui.MainActivity_, com.order.manage.ui.CategoryActivity_, com.order.manage.ui.HistoryActivity_, com.order.manage.ui.OrderActivity_], permissionQualifiedNames=[android.permission.INTERNET], applicationClassName=com.order.manage.AppContext, libraryProject=false, debugabble=false, minSdkVersion=11, maxSdkVersion=-1, targetSdkVersion=17]
22:40:18.795 [Worker-44] INFO  o.a.r.ProjectRClassFinder:50 - Found project R class: com.order.manage.R
22:40:18.798 [Worker-44] INFO  o.a.r.AndroidRClassFinder:44 - Found Android class: android.R
22:40:18.804 [Worker-44] INFO  o.a.p.ModelValidator:42 - Validating elements
22:40:18.805 [Worker-44] DEBUG o.a.p.ModelValidator:62 - Validating with EActivityHandler: [com.order.manage.ui.OrderActivity, com.order.manage.ui.CategoryActivity, com.order.manage.ui.MainActivity, com.order.manage.ui.HistoryActivity]
22:40:18.806 [Worker-44] DEBUG o.a.p.ModelValidator:62 - Validating with ViewByIdHandler: [MyBottemTuanTxt, MyBottemCheckinBtn, mViewPager, mShoplist_mainlist2, MyBottemCheckinImg, TextViewMoney, mShoplist_onelist2, MyBottemSearchTxt, MyBottemSearchImg, CheckBoxSelectAll, MyBottemCheckinTxt, ListViewOrder, MyBottemSearchBtn, Frame_BottemView, mShoplist_twolist2, MyBottemTuanImg, MyBottemTuanBtn]
22:40:18.811 [Worker-44] DEBUG o.a.p.ModelValidator:62 - Validating with AfterViewsHandler: [void initView() , void initView() , void initView() , public void init() ]
22:40:18.812 [Worker-44] INFO  o.a.p.ModelProcessor:69 - Processing root elements
22:40:18.813 [Worker-44] DEBUG o.a.p.ModelProcessor:160 - Processing root elements EActivityHandler: [com.order.manage.ui.OrderActivity, com.order.manage.ui.CategoryActivity, com.order.manage.ui.MainActivity, com.order.manage.ui.HistoryActivity]
22:40:18.818 [Worker-44] INFO  o.a.p.ModelProcessor:77 - Processing enclosed elements
22:40:18.821 [Worker-44] INFO  o.a.AndroidAnnotationProcessor:250 - Number of files generated by AndroidAnnotations: 4
22:40:18.822 [Worker-44] INFO  o.a.g.ApiCodeGenerator:52 - Writting following API classes in project: []
22:40:18.824 [Worker-44] DEBUG o.a.g.SourceCodewriter:55 - Generating class: com.order.manage.ui.CategoryActivity_
22:40:18.829 [Worker-44] DEBUG o.a.g.SourceCodewriter:55 - Generating class: com.order.manage.ui.HistoryActivity_
22:40:18.837 [Worker-44] DEBUG o.a.g.SourceCodewriter:55 - Generating class: com.order.manage.ui.MainActivity_
22:40:18.842 [Worker-44] DEBUG o.a.g.SourceCodewriter:55 - Generating class: com.order.manage.ui.OrderActivity_
22:40:18.848 [Worker-44] INFO  o.a.p.TimeStats:81 - Time measurements: [Whole Processing = 74 ms], [Generate Sources = 27 ms], [Extract Annotations = 16 ms], [Find R Classes = 9 ms], [Process Annotations = 9 ms], [Validate Annotations = 8 ms], [Extract Manifest = 3 ms], 
22:40:18.849 [Worker-44] INFO  o.a.AndroidAnnotationProcessor:122 - Finish processing
22:40:25.91 [Worker-44] INFO  o.a.AndroidAnnotationProcessor:84 - Initialize AndroidAnnotations 3.2 with options {phase=BUILD}
22:59:46.1 [Worker-60] INFO  o.a.AndroidAnnotationProcessor:84 - Initialize AndroidAnnotations 3.2 with options {phase=BUILD}
22:59:46.4 [Worker-60] INFO  o.a.AndroidAnnotationProcessor:108 - Start processing for 3 annotations on 1 elements
22:59:46.23 [Worker-60] DEBUG o.a.h.AndroidManifestFinder:137 - AndroidManifest.xml file found in parent folder C:\Users\Administrator\Desktop\android\OrderManage: C:\Users\Administrator\Desktop\android\OrderManage\AndroidManifest.xml
22:59:46.29 [Worker-60] INFO  o.a.AndroidAnnotationProcessor:171 - AndroidManifest.xml found: AndroidManifest [applicationPackage=com.order.manage, componentQualifiedNames=[com.order.manage.ui.MainActivity_, com.order.manage.ui.CategoryActivity_, com.order.manage.ui.HistoryActivity_, com.order.manage.ui.OrderActivity_], permissionQualifiedNames=[android.permission.INTERNET], applicationClassName=com.order.manage.AppContext, libraryProject=false, debugabble=false, minSdkVersion=11, maxSdkVersion=-1, targetSdkVersion=17]
22:59:46.30 [Worker-60] INFO  o.a.r.ProjectRClassFinder:50 - Found project R class: com.order.manage.R
22:59:46.37 [Worker-60] INFO  o.a.r.AndroidRClassFinder:44 - Found Android class: android.R
22:59:46.46 [Worker-60] INFO  o.a.p.ModelValidator:42 - Validating elements
22:59:46.47 [Worker-60] DEBUG o.a.p.ModelValidator:62 - Validating with EActivityHandler: [com.order.manage.ui.MainActivity]
22:59:46.49 [Worker-60] DEBUG o.a.p.ModelValidator:62 - Validating with ViewByIdHandler: [mViewPager, MyBottemSearchBtn, MyBottemCheckinImg, MyBottemTuanImg, Frame_BottemView, MyBottemSearchImg, MyBottemCheckinBtn, MyBottemTuanTxt, MyBottemTuanBtn, MyBottemSearchTxt, MyBottemCheckinTxt]
22:59:46.52 [Worker-60] DEBUG o.a.p.ModelValidator:62 - Validating with AfterViewsHandler: [public void init() ]
22:59:46.53 [Worker-60] INFO  o.a.p.ModelProcessor:69 - Processing root elements
22:59:46.54 [Worker-60] DEBUG o.a.p.ModelProcessor:160 - Processing root elements EActivityHandler: [com.order.manage.ui.MainActivity]
22:59:46.57 [Worker-60] INFO  o.a.p.ModelProcessor:77 - Processing enclosed elements
22:59:46.60 [Worker-60] INFO  o.a.AndroidAnnotationProcessor:250 - Number of files generated by AndroidAnnotations: 1
22:59:46.61 [Worker-60] INFO  o.a.g.ApiCodeGenerator:52 - Writting following API classes in project: []
22:59:46.61 [Worker-60] DEBUG o.a.g.SourceCodewriter:55 - Generating class: com.order.manage.ui.MainActivity_
22:59:46.84 [Worker-60] INFO  o.a.p.TimeStats:81 - Time measurements: [Whole Processing = 80 ms], [Generate Sources = 24 ms], [Extract Annotations = 18 ms], [Find R Classes = 15 ms], [Validate Annotations = 7 ms], [Process Annotations = 7 ms], [Extract Manifest = 6 ms], 
22:59:46.85 [Worker-60] INFO  o.a.AndroidAnnotationProcessor:122 - Finish processing
23:03:46.16 [Worker-60] INFO  o.a.AndroidAnnotationProcessor:84 - Initialize AndroidAnnotations 3.2 with options {phase=BUILD}
23:03:46.19 [Worker-60] INFO  o.a.AndroidAnnotationProcessor:108 - Start processing for 3 annotations on 1 elements
23:03:46.40 [Worker-60] DEBUG o.a.h.AndroidManifestFinder:137 - AndroidManifest.xml file found in parent folder C:\Users\Administrator\Desktop\android\OrderManage: C:\Users\Administrator\Desktop\android\OrderManage\AndroidManifest.xml
23:03:46.47 [Worker-60] INFO  o.a.AndroidAnnotationProcessor:171 - AndroidManifest.xml found: AndroidManifest [applicationPackage=com.order.manage, componentQualifiedNames=[com.order.manage.ui.MainActivity_, com.order.manage.ui.CategoryActivity_, com.order.manage.ui.HistoryActivity_, com.order.manage.ui.OrderActivity_], permissionQualifiedNames=[android.permission.INTERNET], applicationClassName=com.order.manage.AppContext, libraryProject=false, debugabble=false, minSdkVersion=11, maxSdkVersion=-1, targetSdkVersion=17]
23:03:46.48 [Worker-60] INFO  o.a.r.ProjectRClassFinder:50 - Found project R class: com.order.manage.R
23:03:46.53 [Worker-60] INFO  o.a.r.AndroidRClassFinder:44 - Found Android class: android.R
23:03:46.66 [Worker-60] INFO  o.a.p.ModelValidator:42 - Validating elements
23:03:46.67 [Worker-60] DEBUG o.a.p.ModelValidator:62 - Validating with EActivityHandler: [com.order.manage.ui.MainActivity]
23:03:46.68 [Worker-60] DEBUG o.a.p.ModelValidator:62 - Validating with ViewByIdHandler: [MyBottemSearchTxt, Frame_BottemView, MyBottemTuanBtn, MyBottemCheckinBtn, MyBottemTuanTxt, MyBottemCheckinTxt, MyBottemSearchImg, MyBottemTuanImg, MyBottemCheckinImg, mViewPager, MyBottemSearchBtn]
23:03:46.71 [Worker-60] DEBUG o.a.p.ModelValidator:62 - Validating with AfterViewsHandler: [public void init() ]
23:03:46.72 [Worker-60] INFO  o.a.p.ModelProcessor:69 - Processing root elements
23:03:46.73 [Worker-60] DEBUG o.a.p.ModelProcessor:160 - Processing root elements EActivityHandler: [com.order.manage.ui.MainActivity]
23:03:46.76 [Worker-60] INFO  o.a.p.ModelProcessor:77 - Processing enclosed elements
23:03:46.78 [Worker-60] INFO  o.a.AndroidAnnotationProcessor:250 - Number of files generated by AndroidAnnotations: 1
23:03:46.79 [Worker-60] INFO  o.a.g.ApiCodeGenerator:52 - Writting following API classes in project: []
23:03:46.80 [Worker-60] DEBUG o.a.g.SourceCodewriter:55 - Generating class: com.order.manage.ui.MainActivity_
23:03:46.98 [Worker-60] INFO  o.a.p.TimeStats:81 - Time measurements: [Whole Processing = 79 ms], [Extract Annotations = 20 ms], [Generate Sources = 20 ms], [Find R Classes = 18 ms], [Extract Manifest = 7 ms], [Validate Annotations = 6 ms], [Process Annotations = 6 ms], 
23:03:46.99 [Worker-60] INFO  o.a.AndroidAnnotationProcessor:122 - Finish processing
23:10:56.357 [Worker-72] INFO  o.a.AndroidAnnotationProcessor:84 - Initialize AndroidAnnotations 3.2 with options {phase=BUILD}
23:14:28.975 [Worker-74] INFO  o.a.AndroidAnnotationProcessor:84 - Initialize AndroidAnnotations 3.2 with options {phase=BUILD}
23:14:29.84 [Worker-74] INFO  o.a.AndroidAnnotationProcessor:108 - Start processing for 3 annotations on 13 elements
23:14:29.112 [Worker-74] DEBUG o.a.h.AndroidManifestFinder:137 - AndroidManifest.xml file found in parent folder C:\Users\Administrator\Desktop\android\OrderManage: C:\Users\Administrator\Desktop\android\OrderManage\AndroidManifest.xml
23:14:29.116 [Worker-74] INFO  o.a.AndroidAnnotationProcessor:171 - AndroidManifest.xml found: AndroidManifest [applicationPackage=com.order.manage, componentQualifiedNames=[com.order.manage.ui.MainActivity_, com.order.manage.ui.CategoryActivity_, com.order.manage.ui.HistoryActivity_, com.order.manage.ui.OrderActivity_], permissionQualifiedNames=[android.permission.INTERNET], applicationClassName=com.order.manage.AppContext, libraryProject=false, debugabble=false, minSdkVersion=11, maxSdkVersion=-1, targetSdkVersion=17]
23:14:29.117 [Worker-74] INFO  o.a.r.ProjectRClassFinder:50 - Found project R class: com.order.manage.R
23:14:29.123 [Worker-74] INFO  o.a.r.AndroidRClassFinder:44 - Found Android class: android.R
23:14:29.133 [Worker-74] INFO  o.a.p.ModelValidator:42 - Validating elements
23:14:29.135 [Worker-74] DEBUG o.a.p.ModelValidator:62 - Validating with EActivityHandler: [com.order.manage.ui.OrderActivity, com.order.manage.ui.CategoryActivity, com.order.manage.ui.MainActivity, com.order.manage.ui.HistoryActivity]
23:14:29.137 [Worker-74] DEBUG o.a.p.ModelValidator:62 - Validating with ViewByIdHandler: [mShoplist_twolist2, MyBottemSearchBtn, TextViewMoney, MyBottemTuanImg, MyBottemSearchImg, MyBottemCheckinBtn, ListViewOrder, CheckBoxSelectAll, MyBottemTuanTxt, mShoplist_mainlist2, MyBottemTuanBtn, mViewPager, MyBottemSearchTxt, MyBottemCheckinTxt, mShoplist_onelist2, MyBottemCheckinImg, Frame_BottemView]
23:14:29.146 [Worker-74] DEBUG o.a.p.ModelValidator:62 - Validating with AfterViewsHandler: [void initView() , void initView() , public void init() , void initView() ]
23:14:29.148 [Worker-74] INFO  o.a.p.ModelProcessor:69 - Processing root elements
23:14:29.149 [Worker-74] DEBUG o.a.p.ModelProcessor:160 - Processing root elements EActivityHandler: [com.order.manage.ui.OrderActivity, com.order.manage.ui.CategoryActivity, com.order.manage.ui.MainActivity, com.order.manage.ui.HistoryActivity]
23:14:29.155 [Worker-74] INFO  o.a.p.ModelProcessor:77 - Processing enclosed elements
23:14:29.157 [Worker-74] DEBUG o.a.p.ModelProcessor:89 - Processing enclosed elements with ViewByIdHandler: [org.androidannotations.model.AnnotationElements$AnnotatedAndRootElements@1e116d2, org.androidannotations.model.AnnotationElements$AnnotatedAndRootElements@11ea5f, org.androidannotations.model.AnnotationElements$AnnotatedAndRootElements@f49dc8, org.androidannotations.model.AnnotationElements$AnnotatedAndRootElements@f747e, org.androidannotations.model.AnnotationElements$AnnotatedAndRootElements@a23052, org.androidannotations.model.AnnotationElements$AnnotatedAndRootElements@128e2f, org.androidannotations.model.AnnotationElements$AnnotatedAndRootElements@34cf7f, org.androidannotations.model.AnnotationElements$AnnotatedAndRootElements@1a2eb4d, org.androidannotations.model.AnnotationElements$AnnotatedAndRootElements@b483c8, org.androidannotations.model.AnnotationElements$AnnotatedAndRootElements@1c216d4, org.androidannotations.model.AnnotationElements$AnnotatedAndRootElements@106164d, org.androidannotations.model.AnnotationElements$AnnotatedAndRootElements@122b59f, org.androidannotations.model.AnnotationElements$AnnotatedAndRootElements@8beac0, org.androidannotations.model.AnnotationElements$AnnotatedAndRootElements@10c0e7f, org.androidannotations.model.AnnotationElements$AnnotatedAndRootElements@153d5b9, org.androidannotations.model.AnnotationElements$AnnotatedAndRootElements@1de0a51, org.androidannotations.model.AnnotationElements$AnnotatedAndRootElements@486386]
23:14:29.162 [Worker-74] DEBUG o.a.p.ModelProcessor:89 - Processing enclosed elements with AfterViewsHandler: [org.androidannotations.model.AnnotationElements$AnnotatedAndRootElements@14ab00f, org.androidannotations.model.AnnotationElements$AnnotatedAndRootElements@4bc9c9, org.androidannotations.model.AnnotationElements$AnnotatedAndRootElements@bf7ead, org.androidannotations.model.AnnotationElements$AnnotatedAndRootElements@132e322]
23:14:29.163 [Worker-74] INFO  o.a.AndroidAnnotationProcessor:250 - Number of files generated by AndroidAnnotations: 4
23:14:29.165 [Worker-74] INFO  o.a.g.ApiCodeGenerator:52 - Writting following API classes in project: []
23:14:29.166 [Worker-74] DEBUG o.a.g.SourceCodewriter:55 - Generating class: com.order.manage.ui.CategoryActivity_
23:14:29.345 [Worker-74] DEBUG o.a.g.SourceCodewriter:55 - Generating class: com.order.manage.ui.HistoryActivity_
23:14:29.348 [Worker-74] DEBUG o.a.g.SourceCodewriter:55 - Generating class: com.order.manage.ui.MainActivity_
23:14:29.361 [Worker-74] DEBUG o.a.g.SourceCodewriter:55 - Generating class: com.order.manage.ui.OrderActivity_
23:14:29.373 [Worker-74] INFO  o.a.p.TimeStats:81 - Time measurements: [Whole Processing = 289 ms], [Generate Sources = 210 ms], [Extract Annotations = 26 ms], [Find R Classes = 16 ms], [Validate Annotations = 15 ms], [Process Annotations = 15 ms], [Extract Manifest = 4 ms], 
23:14:29.374 [Worker-74] INFO  o.a.AndroidAnnotationProcessor:122 - Finish processing
23:15:35.486 [Worker-73] INFO  o.a.AndroidAnnotationProcessor:84 - Initialize AndroidAnnotations 3.2 with options {phase=BUILD}
23:36:04.601 [Worker-86] INFO  o.a.AndroidAnnotationProcessor:84 - Initialize AndroidAnnotations 3.2 with options {phase=BUILD}
23:36:04.689 [Worker-86] INFO  o.a.AndroidAnnotationProcessor:108 - Start processing for 3 annotations on 13 elements
23:36:04.717 [Worker-86] DEBUG o.a.h.AndroidManifestFinder:137 - AndroidManifest.xml file found in parent folder C:\Users\Administrator\Desktop\android\OrderManage: C:\Users\Administrator\Desktop\android\OrderManage\AndroidManifest.xml
23:36:04.721 [Worker-86] INFO  o.a.AndroidAnnotationProcessor:171 - AndroidManifest.xml found: AndroidManifest [applicationPackage=com.order.manage, componentQualifiedNames=[com.order.manage.ui.MainActivity_, com.order.manage.ui.CategoryActivity_, com.order.manage.ui.HistoryActivity_, com.order.manage.ui.OrderActivity_], permissionQualifiedNames=[android.permission.INTERNET], applicationClassName=com.order.manage.AppContext, libraryProject=false, debugabble=false, minSdkVersion=11, maxSdkVersion=-1, targetSdkVersion=17]
23:36:04.723 [Worker-86] INFO  o.a.r.ProjectRClassFinder:50 - Found project R class: com.order.manage.R
23:36:04.726 [Worker-86] INFO  o.a.r.AndroidRClassFinder:44 - Found Android class: android.R
23:36:04.735 [Worker-86] INFO  o.a.p.ModelValidator:42 - Validating elements
23:36:04.736 [Worker-86] DEBUG o.a.p.ModelValidator:62 - Validating with EActivityHandler: [com.order.manage.ui.OrderActivity, com.order.manage.ui.CategoryActivity, com.order.manage.ui.MainActivity, com.order.manage.ui.HistoryActivity]
23:36:04.737 [Worker-86] DEBUG o.a.p.ModelValidator:62 - Validating with ViewByIdHandler: [MyBottemSearchTxt, MyBottemCheckinBtn, MyBottemSearchBtn, MyBottemSearchImg, TextViewMoney, ListViewOrder, CheckBoxSelectAll, MyBottemTuanTxt, MyBottemTuanBtn, MyBottemCheckinImg, MyBottemTuanImg, mShoplist_twolist2, mShoplist_mainlist2, mViewPager, Frame_BottemView, MyBottemCheckinTxt, mShoplist_onelist2]
23:36:04.745 [Worker-86] DEBUG o.a.p.ModelValidator:62 - Validating with AfterViewsHandler: [void initView() , void initView() , void initView() , public void init() ]
23:36:04.747 [Worker-86] INFO  o.a.p.ModelProcessor:69 - Processing root elements
23:36:04.748 [Worker-86] DEBUG o.a.p.ModelProcessor:160 - Processing root elements EActivityHandler: [com.order.manage.ui.OrderActivity, com.order.manage.ui.CategoryActivity, com.order.manage.ui.MainActivity, com.order.manage.ui.HistoryActivity]
23:36:04.752 [Worker-86] INFO  o.a.p.ModelProcessor:77 - Processing enclosed elements
23:36:04.753 [Worker-86] DEBUG o.a.p.ModelProcessor:89 - Processing enclosed elements with ViewByIdHandler: [org.androidannotations.model.AnnotationElements$AnnotatedAndRootElements@5c229d, org.androidannotations.model.AnnotationElements$AnnotatedAndRootElements@faf40f, org.androidannotations.model.AnnotationElements$AnnotatedAndRootElements@18aeb2d, org.androidannotations.model.AnnotationElements$AnnotatedAndRootElements@798390, org.androidannotations.model.AnnotationElements$AnnotatedAndRootElements@e47ff6, org.androidannotations.model.AnnotationElements$AnnotatedAndRootElements@1ad0650, org.androidannotations.model.AnnotationElements$AnnotatedAndRootElements@155eca9, org.androidannotations.model.AnnotationElements$AnnotatedAndRootElements@13c6796, org.androidannotations.model.AnnotationElements$AnnotatedAndRootElements@a0c089, org.androidannotations.model.AnnotationElements$AnnotatedAndRootElements@1039f10, org.androidannotations.model.AnnotationElements$AnnotatedAndRootElements@1a260f2, org.androidannotations.model.AnnotationElements$AnnotatedAndRootElements@1ac7291, org.androidannotations.model.AnnotationElements$AnnotatedAndRootElements@a00c1d, org.androidannotations.model.AnnotationElements$AnnotatedAndRootElements@1c94429, org.androidannotations.model.AnnotationElements$AnnotatedAndRootElements@18d2339, org.androidannotations.model.AnnotationElements$AnnotatedAndRootElements@95ac32, org.androidannotations.model.AnnotationElements$AnnotatedAndRootElements@d0d826]
23:36:04.758 [Worker-86] DEBUG o.a.p.ModelProcessor:89 - Processing enclosed elements with AfterViewsHandler: [org.androidannotations.model.AnnotationElements$AnnotatedAndRootElements@47579d, org.androidannotations.model.AnnotationElements$AnnotatedAndRootElements@16696ba, org.androidannotations.model.AnnotationElements$AnnotatedAndRootElements@19bad6b, org.androidannotations.model.AnnotationElements$AnnotatedAndRootElements@17eb4c7]
23:36:04.759 [Worker-86] INFO  o.a.AndroidAnnotationProcessor:250 - Number of files generated by AndroidAnnotations: 4
23:36:04.760 [Worker-86] INFO  o.a.g.ApiCodeGenerator:52 - Writting following API classes in project: []
23:36:04.761 [Worker-86] DEBUG o.a.g.SourceCodewriter:55 - Generating class: com.order.manage.ui.CategoryActivity_
23:36:04.764 [Worker-86] DEBUG o.a.g.SourceCodewriter:55 - Generating class: com.order.manage.ui.HistoryActivity_
23:36:04.774 [Worker-86] DEBUG o.a.g.SourceCodewriter:55 - Generating class: com.order.manage.ui.MainActivity_
23:36:04.797 [Worker-86] DEBUG o.a.g.SourceCodewriter:55 - Generating class: com.order.manage.ui.OrderActivity_
23:36:04.801 [Worker-86] INFO  o.a.p.TimeStats:81 - Time measurements: [Whole Processing = 112 ms], [Generate Sources = 42 ms], [Extract Annotations = 27 ms], [Validate Annotations = 12 ms], [Process Annotations = 12 ms], [Find R Classes = 11 ms], [Extract Manifest = 4 ms], 
23:36:04.803 [Worker-86] INFO  o.a.AndroidAnnotationProcessor:122 - Finish processing
23:48:49.828 [Worker-92] INFO  o.a.AndroidAnnotationProcessor:84 - Initialize AndroidAnnotations 3.2 with options {phase=BUILD}
23:48:49.925 [Worker-92] INFO  o.a.AndroidAnnotationProcessor:108 - Start processing for 3 annotations on 13 elements
23:48:49.952 [Worker-92] DEBUG o.a.h.AndroidManifestFinder:137 - AndroidManifest.xml file found in parent folder C:\Users\Administrator\Desktop\android\OrderManage: C:\Users\Administrator\Desktop\android\OrderManage\AndroidManifest.xml
23:48:49.955 [Worker-92] INFO  o.a.AndroidAnnotationProcessor:171 - AndroidManifest.xml found: AndroidManifest [applicationPackage=com.order.manage, componentQualifiedNames=[com.order.manage.ui.MainActivity_, com.order.manage.ui.CategoryActivity_, com.order.manage.ui.HistoryActivity_, com.order.manage.ui.OrderActivity_], permissionQualifiedNames=[android.permission.INTERNET], applicationClassName=com.order.manage.AppContext, libraryProject=false, debugabble=false, minSdkVersion=11, maxSdkVersion=-1, targetSdkVersion=17]
23:48:49.956 [Worker-92] INFO  o.a.r.ProjectRClassFinder:50 - Found project R class: com.order.manage.R
23:48:49.960 [Worker-92] INFO  o.a.r.AndroidRClassFinder:44 - Found Android class: android.R
23:48:49.968 [Worker-92] INFO  o.a.p.ModelValidator:42 - Validating elements
23:48:49.969 [Worker-92] DEBUG o.a.p.ModelValidator:62 - Validating with EActivityHandler: [com.order.manage.ui.OrderActivity, com.order.manage.ui.CategoryActivity, com.order.manage.ui.MainActivity, com.order.manage.ui.HistoryActivity]
23:48:49.970 [Worker-92] DEBUG o.a.p.ModelValidator:62 - Validating with ViewByIdHandler: [MyBottemTuanImg, TextViewMoney, MyBottemSearchImg, mShoplist_mainlist2, mViewPager, ListViewOrder, MyBottemTuanBtn, MyBottemSearchBtn, mShoplist_twolist2, MyBottemSearchTxt, MyBottemCheckinBtn, CheckBoxSelectAll, MyBottemCheckinTxt, MyBottemCheckinImg, Frame_BottemView, mShoplist_onelist2, MyBottemTuanTxt]
23:48:49.978 [Worker-92] DEBUG o.a.p.ModelValidator:62 - Validating with AfterViewsHandler: [void initView() , public void init() , void initView() , void initView() ]
23:48:49.980 [Worker-92] INFO  o.a.p.ModelProcessor:69 - Processing root elements
23:48:49.981 [Worker-92] DEBUG o.a.p.ModelProcessor:160 - Processing root elements EActivityHandler: [com.order.manage.ui.OrderActivity, com.order.manage.ui.CategoryActivity, com.order.manage.ui.MainActivity, com.order.manage.ui.HistoryActivity]
23:48:49.985 [Worker-92] INFO  o.a.p.ModelProcessor:77 - Processing enclosed elements
23:48:49.986 [Worker-92] DEBUG o.a.p.ModelProcessor:89 - Processing enclosed elements with ViewByIdHandler: [org.androidannotations.model.AnnotationElements$AnnotatedAndRootElements@c9d42a, org.androidannotations.model.AnnotationElements$AnnotatedAndRootElements@7d50aa, org.androidannotations.model.AnnotationElements$AnnotatedAndRootElements@fecbef, org.androidannotations.model.AnnotationElements$AnnotatedAndRootElements@13acf4d, org.androidannotations.model.AnnotationElements$AnnotatedAndRootElements@ffaa07, org.androidannotations.model.AnnotationElements$AnnotatedAndRootElements@4712d5, org.androidannotations.model.AnnotationElements$AnnotatedAndRootElements@803c6f, org.androidannotations.model.AnnotationElements$AnnotatedAndRootElements@223917, org.androidannotations.model.AnnotationElements$AnnotatedAndRootElements@16c89a3, org.androidannotations.model.AnnotationElements$AnnotatedAndRootElements@1886d1a, org.androidannotations.model.AnnotationElements$AnnotatedAndRootElements@564578, org.androidannotations.model.AnnotationElements$AnnotatedAndRootElements@2fe13d, org.androidannotations.model.AnnotationElements$AnnotatedAndRootElements@259a9d, org.androidannotations.model.AnnotationElements$AnnotatedAndRootElements@c03b6c, org.androidannotations.model.AnnotationElements$AnnotatedAndRootElements@aeda73, org.androidannotations.model.AnnotationElements$AnnotatedAndRootElements@f3c591, org.androidannotations.model.AnnotationElements$AnnotatedAndRootElements@562]
23:48:49.989 [Worker-92] DEBUG o.a.p.ModelProcessor:89 - Processing enclosed elements with AfterViewsHandler: [org.androidannotations.model.AnnotationElements$AnnotatedAndRootElements@116c828, org.androidannotations.model.AnnotationElements$AnnotatedAndRootElements@15e023, org.androidannotations.model.AnnotationElements$AnnotatedAndRootElements@1029161, org.androidannotations.model.AnnotationElements$AnnotatedAndRootElements@b21867]
23:48:49.990 [Worker-92] INFO  o.a.AndroidAnnotationProcessor:250 - Number of files generated by AndroidAnnotations: 4
23:48:49.991 [Worker-92] INFO  o.a.g.ApiCodeGenerator:52 - Writting following API classes in project: []
23:48:49.992 [Worker-92] DEBUG o.a.g.SourceCodewriter:55 - Generating class: com.order.manage.ui.CategoryActivity_
23:48:50.20 [Worker-92] DEBUG o.a.g.SourceCodewriter:55 - Generating class: com.order.manage.ui.HistoryActivity_
23:48:50.24 [Worker-92] DEBUG o.a.g.SourceCodewriter:55 - Generating class: com.order.manage.ui.MainActivity_
23:48:50.57 [Worker-92] DEBUG o.a.g.SourceCodewriter:55 - Generating class: com.order.manage.ui.OrderActivity_
23:48:50.61 [Worker-92] INFO  o.a.p.TimeStats:81 - Time measurements: [Whole Processing = 136 ms], [Generate Sources = 71 ms], [Extract Annotations = 26 ms], [Find R Classes = 12 ms], [Validate Annotations = 12 ms], [Process Annotations = 10 ms], [Extract Manifest = 3 ms], 
23:48:50.62 [Worker-92] INFO  o.a.AndroidAnnotationProcessor:122 - Finish processing
23:52:14.358 [Worker-95] INFO  o.a.AndroidAnnotationProcessor:84 - Initialize AndroidAnnotations 3.2 with options {phase=BUILD}
23:52:14.474 [Worker-95] INFO  o.a.AndroidAnnotationProcessor:108 - Start processing for 3 annotations on 13 elements
23:52:14.499 [Worker-95] DEBUG o.a.h.AndroidManifestFinder:137 - AndroidManifest.xml file found in parent folder C:\Users\Administrator\Desktop\android\OrderManage: C:\Users\Administrator\Desktop\android\OrderManage\AndroidManifest.xml
23:52:14.502 [Worker-95] INFO  o.a.AndroidAnnotationProcessor:171 - AndroidManifest.xml found: AndroidManifest [applicationPackage=com.order.manage, componentQualifiedNames=[com.order.manage.ui.MainActivity_, com.order.manage.ui.CategoryActivity_, com.order.manage.ui.HistoryActivity_, com.order.manage.ui.OrderActivity_], permissionQualifiedNames=[android.permission.INTERNET], applicationClassName=com.order.manage.AppContext, libraryProject=false, debugabble=false, minSdkVersion=11, maxSdkVersion=-1, targetSdkVersion=17]
23:52:14.504 [Worker-95] INFO  o.a.r.ProjectRClassFinder:50 - Found project R class: com.order.manage.R
23:52:14.510 [Worker-95] INFO  o.a.r.AndroidRClassFinder:44 - Found Android class: android.R
23:52:14.520 [Worker-95] INFO  o.a.p.ModelValidator:42 - Validating elements
23:52:14.521 [Worker-95] DEBUG o.a.p.ModelValidator:62 - Validating with EActivityHandler: [com.order.manage.ui.OrderActivity, com.order.manage.ui.CategoryActivity, com.order.manage.ui.MainActivity, com.order.manage.ui.HistoryActivity]
23:52:14.524 [Worker-95] DEBUG o.a.p.ModelValidator:62 - Validating with ViewByIdHandler: [Frame_BottemView, MyBottemSearchImg, TextViewMoney, mShoplist_onelist2, MyBottemCheckinBtn, mViewPager, MyBottemSearchBtn, mShoplist_twolist2, MyBottemSearchTxt, MyBottemTuanImg, ListViewOrder, CheckBoxSelectAll, MyBottemTuanTxt, MyBottemCheckinImg, MyBottemTuanBtn, mShoplist_mainlist2, MyBottemCheckinTxt]
23:52:14.532 [Worker-95] DEBUG o.a.p.ModelValidator:62 - Validating with AfterViewsHandler: [public void init() , void initView() , void initView() , void initView() ]
23:52:14.533 [Worker-95] INFO  o.a.p.ModelProcessor:69 - Processing root elements
23:52:14.535 [Worker-95] DEBUG o.a.p.ModelProcessor:160 - Processing root elements EActivityHandler: [com.order.manage.ui.OrderActivity, com.order.manage.ui.CategoryActivity, com.order.manage.ui.MainActivity, com.order.manage.ui.HistoryActivity]
23:52:14.543 [Worker-95] INFO  o.a.p.ModelProcessor:77 - Processing enclosed elements
23:52:14.544 [Worker-95] DEBUG o.a.p.ModelProcessor:89 - Processing enclosed elements with ViewByIdHandler: [org.androidannotations.model.AnnotationElements$AnnotatedAndRootElements@1c25001, org.androidannotations.model.AnnotationElements$AnnotatedAndRootElements@7ce1a5, org.androidannotations.model.AnnotationElements$AnnotatedAndRootElements@12ece86, org.androidannotations.model.AnnotationElements$AnnotatedAndRootElements@177638e, org.androidannotations.model.AnnotationElements$AnnotatedAndRootElements@26bcb4, org.androidannotations.model.AnnotationElements$AnnotatedAndRootElements@1f8decb, org.androidannotations.model.AnnotationElements$AnnotatedAndRootElements@1562d69, org.androidannotations.model.AnnotationElements$AnnotatedAndRootElements@156d618, org.androidannotations.model.AnnotationElements$AnnotatedAndRootElements@6d60ab, org.androidannotations.model.AnnotationElements$AnnotatedAndRootElements@c23cd0, org.androidannotations.model.AnnotationElements$AnnotatedAndRootElements@138c0fb, org.androidannotations.model.AnnotationElements$AnnotatedAndRootElements@1ec5747, org.androidannotations.model.AnnotationElements$AnnotatedAndRootElements@43c960, org.androidannotations.model.AnnotationElements$AnnotatedAndRootElements@1290db8, org.androidannotations.model.AnnotationElements$AnnotatedAndRootElements@1425e59, org.androidannotations.model.AnnotationElements$AnnotatedAndRootElements@1fcd0, org.androidannotations.model.AnnotationElements$AnnotatedAndRootElements@105c344]
23:52:14.549 [Worker-95] DEBUG o.a.p.ModelProcessor:89 - Processing enclosed elements with AfterViewsHandler: [org.androidannotations.model.AnnotationElements$AnnotatedAndRootElements@803268, org.androidannotations.model.AnnotationElements$AnnotatedAndRootElements@1a02184, org.androidannotations.model.AnnotationElements$AnnotatedAndRootElements@65b205, org.androidannotations.model.AnnotationElements$AnnotatedAndRootElements@1946315]
23:52:14.551 [Worker-95] INFO  o.a.AndroidAnnotationProcessor:250 - Number of files generated by AndroidAnnotations: 4
23:52:14.552 [Worker-95] INFO  o.a.g.ApiCodeGenerator:52 - Writting following API classes in project: []
23:52:14.554 [Worker-95] DEBUG o.a.g.SourceCodewriter:55 - Generating class: com.order.manage.ui.CategoryActivity_
23:52:14.587 [Worker-95] DEBUG o.a.g.SourceCodewriter:55 - Generating class: com.order.manage.ui.HistoryActivity_
23:52:14.592 [Worker-95] DEBUG o.a.g.SourceCodewriter:55 - Generating class: com.order.manage.ui.MainActivity_
23:52:14.608 [Worker-95] DEBUG o.a.g.SourceCodewriter:55 - Generating class: com.order.manage.ui.OrderActivity_
23:52:14.612 [Worker-95] INFO  o.a.p.TimeStats:81 - Time measurements: [Whole Processing = 138 ms], [Generate Sources = 61 ms], [Extract Annotations = 23 ms], [Process Annotations = 18 ms], [Find R Classes = 15 ms], [Validate Annotations = 13 ms], [Extract Manifest = 4 ms], 
23:52:14.613 [Worker-95] INFO  o.a.AndroidAnnotationProcessor:122 - Finish processing
23:58:28.791 [Worker-92] INFO  o.a.AndroidAnnotationProcessor:84 - Initialize AndroidAnnotations 3.2 with options {phase=BUILD}
23:58:28.921 [Worker-92] INFO  o.a.AndroidAnnotationProcessor:108 - Start processing for 3 annotations on 13 elements
23:58:28.945 [Worker-92] DEBUG o.a.h.AndroidManifestFinder:137 - AndroidManifest.xml file found in parent folder C:\Users\Administrator\Desktop\android\OrderManage: C:\Users\Administrator\Desktop\android\OrderManage\AndroidManifest.xml
23:58:28.948 [Worker-92] INFO  o.a.AndroidAnnotationProcessor:171 - AndroidManifest.xml found: AndroidManifest [applicationPackage=com.order.manage, componentQualifiedNames=[com.order.manage.ui.MainActivity_, com.order.manage.ui.CategoryActivity_, com.order.manage.ui.HistoryActivity_, com.order.manage.ui.OrderActivity_], permissionQualifiedNames=[android.permission.INTERNET], applicationClassName=com.order.manage.AppContext, libraryProject=false, debugabble=false, minSdkVersion=11, maxSdkVersion=-1, targetSdkVersion=17]
23:58:28.950 [Worker-92] INFO  o.a.r.ProjectRClassFinder:50 - Found project R class: com.order.manage.R
23:58:28.953 [Worker-92] INFO  o.a.r.AndroidRClassFinder:44 - Found Android class: android.R
23:58:28.964 [Worker-92] INFO  o.a.p.ModelValidator:42 - Validating elements
23:58:28.966 [Worker-92] DEBUG o.a.p.ModelValidator:62 - Validating with EActivityHandler: [com.order.manage.ui.OrderActivity, com.order.manage.ui.CategoryActivity, com.order.manage.ui.MainActivity, com.order.manage.ui.HistoryActivity]
23:58:28.967 [Worker-92] DEBUG o.a.p.ModelValidator:62 - Validating with ViewByIdHandler: [ListViewOrder, mShoplist_mainlist2, MyBottemTuanImg, mShoplist_onelist2, MyBottemTuanTxt, mViewPager, MyBottemSearchTxt, Frame_BottemView, mShoplist_twolist2, TextViewMoney, CheckBoxSelectAll, MyBottemCheckinImg, MyBottemSearchImg, MyBottemTuanBtn, MyBottemCheckinBtn, MyBottemSearchBtn, MyBottemCheckinTxt]
23:58:28.977 [Worker-92] DEBUG o.a.p.ModelValidator:62 - Validating with AfterViewsHandler: [public void init() , void initView() , void initView() , void initView() ]
23:58:28.978 [Worker-92] INFO  o.a.p.ModelProcessor:69 - Processing root elements
23:58:28.980 [Worker-92] DEBUG o.a.p.ModelProcessor:160 - Processing root elements EActivityHandler: [com.order.manage.ui.OrderActivity, com.order.manage.ui.CategoryActivity, com.order.manage.ui.MainActivity, com.order.manage.ui.HistoryActivity]
23:58:28.985 [Worker-92] INFO  o.a.p.ModelProcessor:77 - Processing enclosed elements
23:58:28.987 [Worker-92] DEBUG o.a.p.ModelProcessor:89 - Processing enclosed elements with ViewByIdHandler: [org.androidannotations.model.AnnotationElements$AnnotatedAndRootElements@96a0ac, org.androidannotations.model.AnnotationElements$AnnotatedAndRootElements@11fad96, org.androidannotations.model.AnnotationElements$AnnotatedAndRootElements@5a18ab, org.androidannotations.model.AnnotationElements$AnnotatedAndRootElements@1163cf4, org.androidannotations.model.AnnotationElements$AnnotatedAndRootElements@e003c0, org.androidannotations.model.AnnotationElements$AnnotatedAndRootElements@d31238, org.androidannotations.model.AnnotationElements$AnnotatedAndRootElements@151556c, org.androidannotations.model.AnnotationElements$AnnotatedAndRootElements@be0400, org.androidannotations.model.AnnotationElements$AnnotatedAndRootElements@d42068, org.androidannotations.model.AnnotationElements$AnnotatedAndRootElements@9066ff, org.androidannotations.model.AnnotationElements$AnnotatedAndRootElements@10df72c, org.androidannotations.model.AnnotationElements$AnnotatedAndRootElements@14f452c, org.androidannotations.model.AnnotationElements$AnnotatedAndRootElements@140a5f4, org.androidannotations.model.AnnotationElements$AnnotatedAndRootElements@6e2505, org.androidannotations.model.AnnotationElements$AnnotatedAndRootElements@1468d00, org.androidannotations.model.AnnotationElements$AnnotatedAndRootElements@fbf85b, org.androidannotations.model.AnnotationElements$AnnotatedAndRootElements@1099f74]
23:58:28.992 [Worker-92] DEBUG o.a.p.ModelProcessor:89 - Processing enclosed elements with AfterViewsHandler: [org.androidannotations.model.AnnotationElements$AnnotatedAndRootElements@1b155d8, org.androidannotations.model.AnnotationElements$AnnotatedAndRootElements@fc2f90, org.androidannotations.model.AnnotationElements$AnnotatedAndRootElements@114aa66, org.androidannotations.model.AnnotationElements$AnnotatedAndRootElements@156fb86]
23:58:28.993 [Worker-92] INFO  o.a.AndroidAnnotationProcessor:250 - Number of files generated by AndroidAnnotations: 4
23:58:28.994 [Worker-92] INFO  o.a.g.ApiCodeGenerator:52 - Writting following API classes in project: []
23:58:28.995 [Worker-92] DEBUG o.a.g.SourceCodewriter:55 - Generating class: com.order.manage.ui.CategoryActivity_
23:58:29.26 [Worker-92] DEBUG o.a.g.SourceCodewriter:55 - Generating class: com.order.manage.ui.HistoryActivity_
23:58:29.31 [Worker-92] DEBUG o.a.g.SourceCodewriter:55 - Generating class: com.order.manage.ui.MainActivity_
23:58:29.63 [Worker-92] DEBUG o.a.g.SourceCodewriter:55 - Generating class: com.order.manage.ui.OrderActivity_
23:58:29.84 [Worker-92] INFO  o.a.p.TimeStats:81 - Time measurements: [Whole Processing = 163 ms], [Generate Sources = 91 ms], [Extract Annotations = 22 ms], [Process Annotations = 15 ms], [Find R Classes = 14 ms], [Validate Annotations = 14 ms], [Extract Manifest = 3 ms], 
23:58:29.85 [Worker-92] INFO  o.a.AndroidAnnotationProcessor:122 - Finish processing
00:08:07.476 [Worker-104] INFO  o.a.AndroidAnnotationProcessor:84 - Initialize AndroidAnnotations 3.2 with options {phase=BUILD}
00:08:07.578 [Worker-104] INFO  o.a.AndroidAnnotationProcessor:108 - Start processing for 3 annotations on 13 elements
00:08:07.605 [Worker-104] DEBUG o.a.h.AndroidManifestFinder:137 - AndroidManifest.xml file found in parent folder C:\Users\Administrator\Desktop\android\OrderManage: C:\Users\Administrator\Desktop\android\OrderManage\AndroidManifest.xml
00:08:07.607 [Worker-104] INFO  o.a.AndroidAnnotationProcessor:171 - AndroidManifest.xml found: AndroidManifest [applicationPackage=com.order.manage, componentQualifiedNames=[com.order.manage.ui.MainActivity_, com.order.manage.ui.CategoryActivity_, com.order.manage.ui.HistoryActivity_, com.order.manage.ui.OrderActivity_], permissionQualifiedNames=[android.permission.INTERNET], applicationClassName=com.order.manage.AppContext, libraryProject=false, debugabble=false, minSdkVersion=11, maxSdkVersion=-1, targetSdkVersion=17]
00:08:07.608 [Worker-104] INFO  o.a.r.ProjectRClassFinder:50 - Found project R class: com.order.manage.R
00:08:07.612 [Worker-104] INFO  o.a.r.AndroidRClassFinder:44 - Found Android class: android.R
00:08:07.621 [Worker-104] INFO  o.a.p.ModelValidator:42 - Validating elements
00:08:07.623 [Worker-104] DEBUG o.a.p.ModelValidator:62 - Validating with EActivityHandler: [com.order.manage.ui.OrderActivity, com.order.manage.ui.CategoryActivity, com.order.manage.ui.MainActivity, com.order.manage.ui.HistoryActivity]
00:08:07.625 [Worker-104] DEBUG o.a.p.ModelValidator:62 - Validating with ViewByIdHandler: [MyBottemTuanImg, ListViewOrder, mViewPager, Frame_BottemView, MyBottemTuanBtn, MyBottemTuanTxt, MyBottemSearchTxt, MyBottemCheckinImg, mShoplist_twolist2, CheckBoxSelectAll, TextViewMoney, MyBottemSearchImg, mShoplist_onelist2, mShoplist_mainlist2, MyBottemCheckinTxt, MyBottemSearchBtn, MyBottemCheckinBtn]
00:08:07.633 [Worker-104] DEBUG o.a.p.ModelValidator:62 - Validating with AfterViewsHandler: [public void init() , void initView() , void initView() , void initView() ]
00:08:07.634 [Worker-104] INFO  o.a.p.ModelProcessor:69 - Processing root elements
00:08:07.635 [Worker-104] DEBUG o.a.p.ModelProcessor:160 - Processing root elements EActivityHandler: [com.order.manage.ui.OrderActivity, com.order.manage.ui.CategoryActivity, com.order.manage.ui.MainActivity, com.order.manage.ui.HistoryActivity]
00:08:07.639 [Worker-104] INFO  o.a.p.ModelProcessor:77 - Processing enclosed elements
00:08:07.640 [Worker-104] DEBUG o.a.p.ModelProcessor:89 - Processing enclosed elements with ViewByIdHandler: [org.androidannotations.model.AnnotationElements$AnnotatedAndRootElements@1f4076d, org.androidannotations.model.AnnotationElements$AnnotatedAndRootElements@4f5a44, org.androidannotations.model.AnnotationElements$AnnotatedAndRootElements@1047aa9, org.androidannotations.model.AnnotationElements$AnnotatedAndRootElements@8861cd, org.androidannotations.model.AnnotationElements$AnnotatedAndRootElements@13af23, org.androidannotations.model.AnnotationElements$AnnotatedAndRootElements@40d09, org.androidannotations.model.AnnotationElements$AnnotatedAndRootElements@1b6b454, org.androidannotations.model.AnnotationElements$AnnotatedAndRootElements@121620d, org.androidannotations.model.AnnotationElements$AnnotatedAndRootElements@9d21b, org.androidannotations.model.AnnotationElements$AnnotatedAndRootElements@189307b, org.androidannotations.model.AnnotationElements$AnnotatedAndRootElements@1cce33c, org.androidannotations.model.AnnotationElements$AnnotatedAndRootElements@1bc4f73, org.androidannotations.model.AnnotationElements$AnnotatedAndRootElements@1af2684, org.androidannotations.model.AnnotationElements$AnnotatedAndRootElements@1ea4b97, org.androidannotations.model.AnnotationElements$AnnotatedAndRootElements@1f2aa5f, org.androidannotations.model.AnnotationElements$AnnotatedAndRootElements@5a94c2, org.androidannotations.model.AnnotationElements$AnnotatedAndRootElements@1cde22e]
00:08:07.644 [Worker-104] DEBUG o.a.p.ModelProcessor:89 - Processing enclosed elements with AfterViewsHandler: [org.androidannotations.model.AnnotationElements$AnnotatedAndRootElements@80a3f8, org.androidannotations.model.AnnotationElements$AnnotatedAndRootElements@174f2fd, org.androidannotations.model.AnnotationElements$AnnotatedAndRootElements@164dd6a, org.androidannotations.model.AnnotationElements$AnnotatedAndRootElements@1b7098d]
00:08:07.645 [Worker-104] INFO  o.a.AndroidAnnotationProcessor:250 - Number of files generated by AndroidAnnotations: 4
00:08:07.646 [Worker-104] INFO  o.a.g.ApiCodeGenerator:52 - Writting following API classes in project: []
00:08:07.647 [Worker-104] DEBUG o.a.g.SourceCodewriter:55 - Generating class: com.order.manage.ui.CategoryActivity_
00:08:07.727 [Worker-104] DEBUG o.a.g.SourceCodewriter:55 - Generating class: com.order.manage.ui.HistoryActivity_
00:08:07.731 [Worker-104] DEBUG o.a.g.SourceCodewriter:55 - Generating class: com.order.manage.ui.MainActivity_
00:08:07.751 [Worker-104] DEBUG o.a.g.SourceCodewriter:55 - Generating class: com.order.manage.ui.OrderActivity_
00:08:07.771 [Worker-104] INFO  o.a.p.TimeStats:81 - Time measurements: [Whole Processing = 193 ms], [Generate Sources = 126 ms], [Extract Annotations = 25 ms], [Find R Classes = 13 ms], [Validate Annotations = 13 ms], [Process Annotations = 11 ms], [Extract Manifest = 2 ms], 
00:08:07.773 [Worker-104] INFO  o.a.AndroidAnnotationProcessor:122 - Finish processing
00:10:05.869 [Worker-97] INFO  o.a.AndroidAnnotationProcessor:84 - Initialize AndroidAnnotations 3.2 with options {phase=BUILD}
00:10:05.870 [Worker-97] INFO  o.a.AndroidAnnotationProcessor:108 - Start processing for 3 annotations on 1 elements
00:10:05.883 [Worker-97] DEBUG o.a.h.AndroidManifestFinder:137 - AndroidManifest.xml file found in parent folder C:\Users\Administrator\Desktop\android\OrderManage: C:\Users\Administrator\Desktop\android\OrderManage\AndroidManifest.xml
00:10:05.887 [Worker-97] INFO  o.a.AndroidAnnotationProcessor:171 - AndroidManifest.xml found: AndroidManifest [applicationPackage=com.order.manage, componentQualifiedNames=[com.order.manage.ui.MainActivity_, com.order.manage.ui.CategoryActivity_, com.order.manage.ui.HistoryActivity_, com.order.manage.ui.OrderActivity_], permissionQualifiedNames=[android.permission.INTERNET], applicationClassName=com.order.manage.AppContext, libraryProject=false, debugabble=false, minSdkVersion=11, maxSdkVersion=-1, targetSdkVersion=17]
00:10:05.888 [Worker-97] INFO  o.a.r.ProjectRClassFinder:50 - Found project R class: com.order.manage.R
00:10:05.891 [Worker-97] INFO  o.a.r.AndroidRClassFinder:44 - Found Android class: android.R
00:10:05.897 [Worker-97] INFO  o.a.p.ModelValidator:42 - Validating elements
00:10:05.898 [Worker-97] DEBUG o.a.p.ModelValidator:62 - Validating with EActivityHandler: [com.order.manage.ui.OrderActivity]
00:10:05.899 [Worker-97] DEBUG o.a.p.ModelValidator:62 - Validating with ViewByIdHandler: [CheckBoxSelectAll, ListViewOrder, ButtonOrderListEdit, TextViewMoney]
00:10:05.902 [Worker-97] DEBUG o.a.p.ModelValidator:62 - Validating with AfterViewsHandler: [void initView() ]
00:10:05.904 [Worker-97] INFO  o.a.p.ModelProcessor:69 - Processing root elements
00:10:05.904 [Worker-97] DEBUG o.a.p.ModelProcessor:160 - Processing root elements EActivityHandler: [com.order.manage.ui.OrderActivity]
00:10:05.906 [Worker-97] INFO  o.a.p.ModelProcessor:77 - Processing enclosed elements
00:10:05.908 [Worker-97] INFO  o.a.AndroidAnnotationProcessor:250 - Number of files generated by AndroidAnnotations: 1
00:10:05.909 [Worker-97] INFO  o.a.g.ApiCodeGenerator:52 - Writting following API classes in project: []
00:10:05.909 [Worker-97] DEBUG o.a.g.SourceCodewriter:55 - Generating class: com.order.manage.ui.OrderActivity_
00:10:05.941 [Worker-97] INFO  o.a.p.TimeStats:81 - Time measurements: [Whole Processing = 71 ms], [Generate Sources = 33 ms], [Extract Annotations = 12 ms], [Find R Classes = 9 ms], [Validate Annotations = 6 ms], [Process Annotations = 5 ms], [Extract Manifest = 4 ms], 
00:10:05.943 [Worker-97] INFO  o.a.AndroidAnnotationProcessor:122 - Finish processing
00:10:43.161 [Worker-97] INFO  o.a.AndroidAnnotationProcessor:84 - Initialize AndroidAnnotations 3.2 with options {phase=BUILD}
00:10:43.235 [Worker-97] INFO  o.a.AndroidAnnotationProcessor:108 - Start processing for 3 annotations on 1 elements
00:10:43.245 [Worker-97] DEBUG o.a.h.AndroidManifestFinder:137 - AndroidManifest.xml file found in parent folder C:\Users\Administrator\Desktop\android\OrderManage: C:\Users\Administrator\Desktop\android\OrderManage\AndroidManifest.xml
00:10:43.248 [Worker-97] INFO  o.a.AndroidAnnotationProcessor:171 - AndroidManifest.xml found: AndroidManifest [applicationPackage=com.order.manage, componentQualifiedNames=[com.order.manage.ui.MainActivity_, com.order.manage.ui.CategoryActivity_, com.order.manage.ui.HistoryActivity_, com.order.manage.ui.OrderActivity_], permissionQualifiedNames=[android.permission.INTERNET], applicationClassName=com.order.manage.AppContext, libraryProject=false, debugabble=false, minSdkVersion=11, maxSdkVersion=-1, targetSdkVersion=17]
00:10:43.249 [Worker-97] INFO  o.a.r.ProjectRClassFinder:50 - Found project R class: com.order.manage.R
00:10:43.253 [Worker-97] INFO  o.a.r.AndroidRClassFinder:44 - Found Android class: android.R
00:10:43.258 [Worker-97] INFO  o.a.p.ModelValidator:42 - Validating elements
00:10:43.259 [Worker-97] DEBUG o.a.p.ModelValidator:62 - Validating with EActivityHandler: [com.order.manage.ui.MainActivity]
00:10:43.260 [Worker-97] DEBUG o.a.p.ModelValidator:62 - Validating with ViewByIdHandler: [Frame_BottemView, MyBottemSearchTxt, MyBottemCheckinImg, MyBottemSearchImg, MyBottemTuanTxt, MyBottemTuanBtn, MyBottemSearchBtn, MyBottemCheckinBtn, MyBottemCheckinTxt, mViewPager, MyBottemTuanImg]
00:10:43.263 [Worker-97] DEBUG o.a.p.ModelValidator:62 - Validating with AfterViewsHandler: [public void init() ]
00:10:43.264 [Worker-97] INFO  o.a.p.ModelProcessor:69 - Processing root elements
00:10:43.264 [Worker-97] DEBUG o.a.p.ModelProcessor:160 - Processing root elements EActivityHandler: [com.order.manage.ui.MainActivity]
00:10:43.267 [Worker-97] INFO  o.a.p.ModelProcessor:77 - Processing enclosed elements
00:10:43.269 [Worker-97] INFO  o.a.AndroidAnnotationProcessor:250 - Number of files generated by AndroidAnnotations: 1
00:10:43.270 [Worker-97] INFO  o.a.g.ApiCodeGenerator:52 - Writting following API classes in project: []
00:10:43.271 [Worker-97] DEBUG o.a.g.SourceCodewriter:55 - Generating class: com.order.manage.ui.MainActivity_
00:10:43.284 [Worker-97] INFO  o.a.p.TimeStats:81 - Time measurements: [Whole Processing = 49 ms], [Generate Sources = 15 ms], [Extract Annotations = 9 ms], [Find R Classes = 9 ms], [Validate Annotations = 6 ms], [Process Annotations = 5 ms], [Extract Manifest = 3 ms], 
00:10:43.285 [Worker-97] INFO  o.a.AndroidAnnotationProcessor:122 - Finish processing
00:10:50.486 [Worker-106] INFO  o.a.AndroidAnnotationProcessor:84 - Initialize AndroidAnnotations 3.2 with options {phase=BUILD}
00:10:50.488 [Worker-106] INFO  o.a.AndroidAnnotationProcessor:108 - Start processing for 4 annotations on 2 elements
00:10:50.508 [Worker-106] DEBUG o.a.h.AndroidManifestFinder:137 - AndroidManifest.xml file found in parent folder C:\Users\Administrator\Desktop\android\OrderManage: C:\Users\Administrator\Desktop\android\OrderManage\AndroidManifest.xml
00:10:50.511 [Worker-106] INFO  o.a.AndroidAnnotationProcessor:171 - AndroidManifest.xml found: AndroidManifest [applicationPackage=com.order.manage, componentQualifiedNames=[com.order.manage.ui.MainActivity_, com.order.manage.ui.CategoryActivity_, com.order.manage.ui.HistoryActivity_, com.order.manage.ui.OrderActivity_], permissionQualifiedNames=[android.permission.INTERNET], applicationClassName=com.order.manage.AppContext, libraryProject=false, debugabble=false, minSdkVersion=11, maxSdkVersion=-1, targetSdkVersion=17]
00:10:50.512 [Worker-106] INFO  o.a.r.ProjectRClassFinder:50 - Found project R class: com.order.manage.R
00:10:50.514 [Worker-106] INFO  o.a.r.AndroidRClassFinder:44 - Found Android class: android.R
00:10:50.520 [Worker-106] INFO  o.a.p.ModelValidator:42 - Validating elements
00:10:50.522 [Worker-106] DEBUG o.a.p.ModelValidator:62 - Validating with EActivityHandler: [com.order.manage.ui.OrderActivity]
00:10:50.523 [Worker-106] DEBUG o.a.p.ModelValidator:62 - Validating with ViewByIdHandler: [TextViewMoney, ListViewOrder, ButtonOrderListEdit, CheckBoxSelectAll]
00:10:50.526 [Worker-106] DEBUG o.a.p.ModelValidator:62 - Validating with ClickHandler: [void OnclickButtonOrderListEdit() ]
00:10:50.530 [Worker-106] ERROR o.a.h.AnnotationHelper:126 - Resource name not found in R.id: OnclickButtonOrderListEdit
00:10:50.531 [Worker-106] WARN  o.a.p.ModelValidator:69 - Element ClickHandler unvalidated by 
00:10:50.531 [Worker-106] DEBUG o.a.p.ModelValidator:62 - Validating with AfterViewsHandler: [void initView() ]
00:10:50.533 [Worker-106] INFO  o.a.p.ModelProcessor:69 - Processing root elements
00:10:50.535 [Worker-106] DEBUG o.a.p.ModelProcessor:160 - Processing root elements EActivityHandler: [com.order.manage.ui.OrderActivity]
00:10:50.537 [Worker-106] INFO  o.a.p.ModelProcessor:77 - Processing enclosed elements
00:10:50.540 [Worker-106] INFO  o.a.AndroidAnnotationProcessor:250 - Number of files generated by AndroidAnnotations: 1
00:10:50.541 [Worker-106] INFO  o.a.g.ApiCodeGenerator:52 - Writting following API classes in project: []
00:10:50.542 [Worker-106] DEBUG o.a.g.SourceCodewriter:55 - Generating class: com.order.manage.ui.OrderActivity_
00:10:50.548 [Worker-106] INFO  o.a.p.TimeStats:81 - Time measurements: [Whole Processing = 60 ms], [Extract Annotations = 18 ms], [Validate Annotations = 12 ms], [Find R Classes = 8 ms], [Process Annotations = 8 ms], [Generate Sources = 8 ms], [Extract Manifest = 4 ms], 
00:10:50.549 [Worker-106] INFO  o.a.AndroidAnnotationProcessor:122 - Finish processing
00:11:12.297 [Worker-97] INFO  o.a.AndroidAnnotationProcessor:84 - Initialize AndroidAnnotations 3.2 with options {phase=BUILD}
00:11:12.299 [Worker-97] INFO  o.a.AndroidAnnotationProcessor:108 - Start processing for 4 annotations on 2 elements
00:11:12.314 [Worker-97] DEBUG o.a.h.AndroidManifestFinder:137 - AndroidManifest.xml file found in parent folder C:\Users\Administrator\Desktop\android\OrderManage: C:\Users\Administrator\Desktop\android\OrderManage\AndroidManifest.xml
00:11:12.318 [Worker-97] INFO  o.a.AndroidAnnotationProcessor:171 - AndroidManifest.xml found: AndroidManifest [applicationPackage=com.order.manage, componentQualifiedNames=[com.order.manage.ui.MainActivity_, com.order.manage.ui.CategoryActivity_, com.order.manage.ui.HistoryActivity_, com.order.manage.ui.OrderActivity_], permissionQualifiedNames=[android.permission.INTERNET], applicationClassName=com.order.manage.AppContext, libraryProject=false, debugabble=false, minSdkVersion=11, maxSdkVersion=-1, targetSdkVersion=17]
00:11:12.319 [Worker-97] INFO  o.a.r.ProjectRClassFinder:50 - Found project R class: com.order.manage.R
00:11:12.320 [Worker-97] INFO  o.a.r.AndroidRClassFinder:44 - Found Android class: android.R
00:11:12.326 [Worker-97] INFO  o.a.p.ModelValidator:42 - Validating elements
00:11:12.327 [Worker-97] DEBUG o.a.p.ModelValidator:62 - Validating with EActivityHandler: [com.order.manage.ui.OrderActivity]
00:11:12.328 [Worker-97] DEBUG o.a.p.ModelValidator:62 - Validating with ViewByIdHandler: [TextViewMoney, ButtonOrderListEdit, ListViewOrder, CheckBoxSelectAll]
00:11:12.332 [Worker-97] DEBUG o.a.p.ModelValidator:62 - Validating with ClickHandler: [void OnclickButtonOrderListEdit() ]
00:11:12.333 [Worker-97] ERROR o.a.h.AnnotationHelper:126 - Resource name not found in R.id: OnclickButtonOrderListEdit
00:11:12.333 [Worker-97] WARN  o.a.p.ModelValidator:69 - Element ClickHandler unvalidated by 
00:11:12.333 [Worker-97] DEBUG o.a.p.ModelValidator:62 - Validating with AfterViewsHandler: [void initView() ]
00:11:12.334 [Worker-97] INFO  o.a.p.ModelProcessor:69 - Processing root elements
00:11:12.335 [Worker-97] DEBUG o.a.p.ModelProcessor:160 - Processing root elements EActivityHandler: [com.order.manage.ui.OrderActivity]
00:11:12.337 [Worker-97] INFO  o.a.p.ModelProcessor:77 - Processing enclosed elements
00:11:12.339 [Worker-97] INFO  o.a.AndroidAnnotationProcessor:250 - Number of files generated by AndroidAnnotations: 1
00:11:12.340 [Worker-97] INFO  o.a.g.ApiCodeGenerator:52 - Writting following API classes in project: []
00:11:12.341 [Worker-97] DEBUG o.a.g.SourceCodewriter:55 - Generating class: com.order.manage.ui.OrderActivity_
00:11:12.471 [Worker-97] INFO  o.a.p.TimeStats:81 - Time measurements: [Whole Processing = 172 ms], [Generate Sources = 132 ms], [Extract Annotations = 14 ms], [Validate Annotations = 8 ms], [Find R Classes = 7 ms], [Process Annotations = 5 ms], [Extract Manifest = 4 ms], 
00:11:12.472 [Worker-97] INFO  o.a.AndroidAnnotationProcessor:122 - Finish processing
00:11:18.151 [Worker-105] INFO  o.a.AndroidAnnotationProcessor:84 - Initialize AndroidAnnotations 3.2 with options {phase=BUILD}
00:11:18.153 [Worker-105] INFO  o.a.AndroidAnnotationProcessor:108 - Start processing for 4 annotations on 2 elements
00:11:18.167 [Worker-105] DEBUG o.a.h.AndroidManifestFinder:137 - AndroidManifest.xml file found in parent folder C:\Users\Administrator\Desktop\android\OrderManage: C:\Users\Administrator\Desktop\android\OrderManage\AndroidManifest.xml
00:11:18.171 [Worker-105] INFO  o.a.AndroidAnnotationProcessor:171 - AndroidManifest.xml found: AndroidManifest [applicationPackage=com.order.manage, componentQualifiedNames=[com.order.manage.ui.MainActivity_, com.order.manage.ui.CategoryActivity_, com.order.manage.ui.HistoryActivity_, com.order.manage.ui.OrderActivity_], permissionQualifiedNames=[android.permission.INTERNET], applicationClassName=com.order.manage.AppContext, libraryProject=false, debugabble=false, minSdkVersion=11, maxSdkVersion=-1, targetSdkVersion=17]
00:11:18.171 [Worker-105] INFO  o.a.r.ProjectRClassFinder:50 - Found project R class: com.order.manage.R
00:11:18.173 [Worker-105] INFO  o.a.r.AndroidRClassFinder:44 - Found Android class: android.R
00:11:18.179 [Worker-105] INFO  o.a.p.ModelValidator:42 - Validating elements
00:11:18.180 [Worker-105] DEBUG o.a.p.ModelValidator:62 - Validating with EActivityHandler: [com.order.manage.ui.OrderActivity]
00:11:18.181 [Worker-105] DEBUG o.a.p.ModelValidator:62 - Validating with ViewByIdHandler: [CheckBoxSelectAll, ListViewOrder, TextViewMoney, ButtonOrderListEdit]
00:11:18.194 [Worker-105] ERROR o.a.h.AnnotationHelper:126 - @org.androidannotations.annotations.ViewById can only be used on an element that extends android.view.View
00:11:18.194 [Worker-105] WARN  o.a.p.ModelValidator:69 - Element ViewByIdHandler unvalidated by 
00:11:18.194 [Worker-105] DEBUG o.a.p.ModelValidator:62 - Validating with ClickHandler: [void OnclickButtonOrderListEdit() ]
00:11:18.195 [Worker-105] ERROR o.a.h.AnnotationHelper:126 - Resource name not found in R.id: OnclickButtonOrderListEdit
00:11:18.196 [Worker-105] WARN  o.a.p.ModelValidator:69 - Element ClickHandler unvalidated by 
00:11:18.196 [Worker-105] DEBUG o.a.p.ModelValidator:62 - Validating with AfterViewsHandler: [void initView() ]
00:11:18.198 [Worker-105] INFO  o.a.p.ModelProcessor:69 - Processing root elements
00:11:18.199 [Worker-105] DEBUG o.a.p.ModelProcessor:160 - Processing root elements EActivityHandler: [com.order.manage.ui.OrderActivity]
00:11:18.201 [Worker-105] INFO  o.a.p.ModelProcessor:77 - Processing enclosed elements
00:11:18.203 [Worker-105] INFO  o.a.AndroidAnnotationProcessor:250 - Number of files generated by AndroidAnnotations: 1
00:11:18.204 [Worker-105] INFO  o.a.g.ApiCodeGenerator:52 - Writting following API classes in project: []
00:11:18.204 [Worker-105] DEBUG o.a.g.SourceCodewriter:55 - Generating class: com.order.manage.ui.OrderActivity_
00:11:18.218 [Worker-105] INFO  o.a.p.TimeStats:81 - Time measurements: [Whole Processing = 65 ms], [Validate Annotations = 18 ms], [Generate Sources = 15 ms], [Extract Annotations = 13 ms], [Find R Classes = 7 ms], [Process Annotations = 6 ms], [Extract Manifest = 3 ms], 
00:11:18.219 [Worker-105] INFO  o.a.AndroidAnnotationProcessor:122 - Finish processing
00:11:23.292 [Worker-109] INFO  o.a.AndroidAnnotationProcessor:84 - Initialize AndroidAnnotations 3.2 with options {phase=BUILD}
00:11:23.294 [Worker-109] INFO  o.a.AndroidAnnotationProcessor:108 - Start processing for 4 annotations on 2 elements
00:11:23.308 [Worker-109] DEBUG o.a.h.AndroidManifestFinder:137 - AndroidManifest.xml file found in parent folder C:\Users\Administrator\Desktop\android\OrderManage: C:\Users\Administrator\Desktop\android\OrderManage\AndroidManifest.xml
00:11:23.311 [Worker-109] INFO  o.a.AndroidAnnotationProcessor:171 - AndroidManifest.xml found: AndroidManifest [applicationPackage=com.order.manage, componentQualifiedNames=[com.order.manage.ui.MainActivity_, com.order.manage.ui.CategoryActivity_, com.order.manage.ui.HistoryActivity_, com.order.manage.ui.OrderActivity_], permissionQualifiedNames=[android.permission.INTERNET], applicationClassName=com.order.manage.AppContext, libraryProject=false, debugabble=false, minSdkVersion=11, maxSdkVersion=-1, targetSdkVersion=17]
00:11:23.312 [Worker-109] INFO  o.a.r.ProjectRClassFinder:50 - Found project R class: com.order.manage.R
00:11:23.314 [Worker-109] INFO  o.a.r.AndroidRClassFinder:44 - Found Android class: android.R
00:11:23.322 [Worker-109] INFO  o.a.p.ModelValidator:42 - Validating elements
00:11:23.323 [Worker-109] DEBUG o.a.p.ModelValidator:62 - Validating with EActivityHandler: [com.order.manage.ui.OrderActivity]
00:11:23.324 [Worker-109] DEBUG o.a.p.ModelValidator:62 - Validating with ViewByIdHandler: [ListViewOrder, ButtonOrderListEdit, TextViewMoney, CheckBoxSelectAll]
00:11:23.327 [Worker-109] DEBUG o.a.p.ModelValidator:62 - Validating with ClickHandler: [void OnclickButtonOrderListEdit() ]
00:11:23.328 [Worker-109] ERROR o.a.h.AnnotationHelper:126 - Resource name not found in R.id: OnclickButtonOrderListEdit
00:11:23.329 [Worker-109] WARN  o.a.p.ModelValidator:69 - Element ClickHandler unvalidated by 
00:11:23.329 [Worker-109] DEBUG o.a.p.ModelValidator:62 - Validating with AfterViewsHandler: [void initView() ]
00:11:23.330 [Worker-109] INFO  o.a.p.ModelProcessor:69 - Processing root elements
00:11:23.331 [Worker-109] DEBUG o.a.p.ModelProcessor:160 - Processing root elements EActivityHandler: [com.order.manage.ui.OrderActivity]
00:11:23.332 [Worker-109] INFO  o.a.p.ModelProcessor:77 - Processing enclosed elements
00:11:23.334 [Worker-109] INFO  o.a.AndroidAnnotationProcessor:250 - Number of files generated by AndroidAnnotations: 1
00:11:23.335 [Worker-109] INFO  o.a.g.ApiCodeGenerator:52 - Writting following API classes in project: []
00:11:23.336 [Worker-109] DEBUG o.a.g.SourceCodewriter:55 - Generating class: com.order.manage.ui.OrderActivity_
00:11:23.420 [Worker-109] INFO  o.a.p.TimeStats:81 - Time measurements: [Whole Processing = 126 ms], [Generate Sources = 86 ms], [Extract Annotations = 13 ms], [Find R Classes = 10 ms], [Validate Annotations = 8 ms], [Process Annotations = 4 ms], [Extract Manifest = 3 ms], 
00:11:23.421 [Worker-109] INFO  o.a.AndroidAnnotationProcessor:122 - Finish processing
00:12:28.528 [Worker-109] INFO  o.a.AndroidAnnotationProcessor:84 - Initialize AndroidAnnotations 3.2 with options {phase=BUILD}
00:12:28.531 [Worker-109] INFO  o.a.AndroidAnnotationProcessor:108 - Start processing for 4 annotations on 2 elements
00:12:28.557 [Worker-109] DEBUG o.a.h.AndroidManifestFinder:137 - AndroidManifest.xml file found in parent folder C:\Users\Administrator\Desktop\android\OrderManage: C:\Users\Administrator\Desktop\android\OrderManage\AndroidManifest.xml
00:12:28.562 [Worker-109] INFO  o.a.AndroidAnnotationProcessor:171 - AndroidManifest.xml found: AndroidManifest [applicationPackage=com.order.manage, componentQualifiedNames=[com.order.manage.ui.MainActivity_, com.order.manage.ui.CategoryActivity_, com.order.manage.ui.HistoryActivity_, com.order.manage.ui.OrderActivity_], permissionQualifiedNames=[android.permission.INTERNET], applicationClassName=com.order.manage.AppContext, libraryProject=false, debugabble=false, minSdkVersion=11, maxSdkVersion=-1, targetSdkVersion=17]
00:12:28.564 [Worker-109] INFO  o.a.r.ProjectRClassFinder:50 - Found project R class: com.order.manage.R
00:12:28.566 [Worker-109] INFO  o.a.r.AndroidRClassFinder:44 - Found Android class: android.R
00:12:28.575 [Worker-109] INFO  o.a.p.ModelValidator:42 - Validating elements
00:12:28.577 [Worker-109] DEBUG o.a.p.ModelValidator:62 - Validating with EActivityHandler: [com.order.manage.ui.OrderActivity]
00:12:28.578 [Worker-109] DEBUG o.a.p.ModelValidator:62 - Validating with ViewByIdHandler: [TextViewMoney, CheckBoxSelectAll, ListViewOrder, ButtonOrderListEdit]
00:12:28.583 [Worker-109] DEBUG o.a.p.ModelValidator:62 - Validating with ClickHandler: [void OnclickButtonOrderListEdit() ]
00:12:28.585 [Worker-109] DEBUG o.a.p.ModelValidator:62 - Validating with AfterViewsHandler: [void initView() ]
00:12:28.586 [Worker-109] INFO  o.a.p.ModelProcessor:69 - Processing root elements
00:12:28.587 [Worker-109] DEBUG o.a.p.ModelProcessor:160 - Processing root elements EActivityHandler: [com.order.manage.ui.OrderActivity]
00:12:28.589 [Worker-109] INFO  o.a.p.ModelProcessor:77 - Processing enclosed elements
00:12:28.591 [Worker-109] INFO  o.a.AndroidAnnotationProcessor:250 - Number of files generated by AndroidAnnotations: 1
00:12:28.592 [Worker-109] INFO  o.a.g.ApiCodeGenerator:52 - Writting following API classes in project: []
00:12:28.593 [Worker-109] DEBUG o.a.g.SourceCodewriter:55 - Generating class: com.order.manage.ui.OrderActivity_
00:12:28.687 [Worker-109] INFO  o.a.p.TimeStats:81 - Time measurements: [Whole Processing = 156 ms], [Generate Sources = 96 ms], [Extract Annotations = 25 ms], [Find R Classes = 11 ms], [Validate Annotations = 11 ms], [Extract Manifest = 5 ms], [Process Annotations = 5 ms], 
00:12:28.690 [Worker-109] INFO  o.a.AndroidAnnotationProcessor:122 - Finish processing
00:12:32.358 [Worker-105] INFO  o.a.AndroidAnnotationProcessor:84 - Initialize AndroidAnnotations 3.2 with options {phase=BUILD}
00:12:32.360 [Worker-105] INFO  o.a.AndroidAnnotationProcessor:108 - Start processing for 4 annotations on 1 elements
00:12:32.372 [Worker-105] DEBUG o.a.h.AndroidManifestFinder:137 - AndroidManifest.xml file found in parent folder C:\Users\Administrator\Desktop\android\OrderManage: C:\Users\Administrator\Desktop\android\OrderManage\AndroidManifest.xml
00:12:32.376 [Worker-105] INFO  o.a.AndroidAnnotationProcessor:171 - AndroidManifest.xml found: AndroidManifest [applicationPackage=com.order.manage, componentQualifiedNames=[com.order.manage.ui.MainActivity_, com.order.manage.ui.CategoryActivity_, com.order.manage.ui.HistoryActivity_, com.order.manage.ui.OrderActivity_], permissionQualifiedNames=[android.permission.INTERNET], applicationClassName=com.order.manage.AppContext, libraryProject=false, debugabble=false, minSdkVersion=11, maxSdkVersion=-1, targetSdkVersion=17]
00:12:32.377 [Worker-105] INFO  o.a.r.ProjectRClassFinder:50 - Found project R class: com.order.manage.R
00:12:32.380 [Worker-105] INFO  o.a.r.AndroidRClassFinder:44 - Found Android class: android.R
00:12:32.386 [Worker-105] INFO  o.a.p.ModelValidator:42 - Validating elements
00:12:32.387 [Worker-105] DEBUG o.a.p.ModelValidator:62 - Validating with EActivityHandler: [com.order.manage.ui.OrderActivity]
00:12:32.388 [Worker-105] DEBUG o.a.p.ModelValidator:62 - Validating with ViewByIdHandler: [CheckBoxSelectAll, TextViewMoney, ListViewOrder, ButtonOrderListEdit]
00:12:32.390 [Worker-105] DEBUG o.a.p.ModelValidator:62 - Validating with ClickHandler: [void OnclickButtonOrderListEdit() ]
00:12:32.392 [Worker-105] DEBUG o.a.p.ModelValidator:62 - Validating with AfterViewsHandler: [void initView() ]
00:12:32.393 [Worker-105] INFO  o.a.p.ModelProcessor:69 - Processing root elements
00:12:32.393 [Worker-105] DEBUG o.a.p.ModelProcessor:160 - Processing root elements EActivityHandler: [com.order.manage.ui.OrderActivity]
00:12:32.395 [Worker-105] INFO  o.a.p.ModelProcessor:77 - Processing enclosed elements
00:12:32.397 [Worker-105] INFO  o.a.AndroidAnnotationProcessor:250 - Number of files generated by AndroidAnnotations: 1
00:12:32.397 [Worker-105] INFO  o.a.g.ApiCodeGenerator:52 - Writting following API classes in project: []
00:12:32.398 [Worker-105] DEBUG o.a.g.SourceCodewriter:55 - Generating class: com.order.manage.ui.OrderActivity_
00:12:32.420 [Worker-105] INFO  o.a.p.TimeStats:81 - Time measurements: [Whole Processing = 60 ms], [Generate Sources = 23 ms], [Extract Annotations = 11 ms], [Find R Classes = 9 ms], [Validate Annotations = 7 ms], [Extract Manifest = 4 ms], [Process Annotations = 4 ms], 
00:12:32.421 [Worker-105] INFO  o.a.AndroidAnnotationProcessor:122 - Finish processing
00:13:43.518 [Worker-105] INFO  o.a.AndroidAnnotationProcessor:84 - Initialize AndroidAnnotations 3.2 with options {phase=BUILD}
00:13:43.561 [Worker-105] INFO  o.a.AndroidAnnotationProcessor:108 - Start processing for 4 annotations on 2 elements
00:13:43.573 [Worker-105] DEBUG o.a.h.AndroidManifestFinder:137 - AndroidManifest.xml file found in parent folder C:\Users\Administrator\Desktop\android\OrderManage: C:\Users\Administrator\Desktop\android\OrderManage\AndroidManifest.xml
00:13:43.578 [Worker-105] INFO  o.a.AndroidAnnotationProcessor:171 - AndroidManifest.xml found: AndroidManifest [applicationPackage=com.order.manage, componentQualifiedNames=[com.order.manage.ui.MainActivity_, com.order.manage.ui.CategoryActivity_, com.order.manage.ui.HistoryActivity_, com.order.manage.ui.OrderActivity_], permissionQualifiedNames=[android.permission.INTERNET], applicationClassName=com.order.manage.AppContext, libraryProject=false, debugabble=false, minSdkVersion=11, maxSdkVersion=-1, targetSdkVersion=17]
00:13:43.579 [Worker-105] INFO  o.a.r.ProjectRClassFinder:50 - Found project R class: com.order.manage.R
00:13:43.583 [Worker-105] INFO  o.a.r.AndroidRClassFinder:44 - Found Android class: android.R
00:13:43.588 [Worker-105] INFO  o.a.p.ModelValidator:42 - Validating elements
00:13:43.590 [Worker-105] DEBUG o.a.p.ModelValidator:62 - Validating with EActivityHandler: [com.order.manage.ui.OrderActivity]
00:13:43.591 [Worker-105] DEBUG o.a.p.ModelValidator:62 - Validating with ViewByIdHandler: [TextViewMoney, CheckBoxSelectAll, ButtonOrderListEdit, ListViewOrder]
00:13:43.594 [Worker-105] DEBUG o.a.p.ModelValidator:62 - Validating with ClickHandler: [void OnclickButtonOrderListEdit() ]
00:13:43.595 [Worker-105] DEBUG o.a.p.ModelValidator:62 - Validating with AfterViewsHandler: [void initView() ]
00:13:43.596 [Worker-105] INFO  o.a.p.ModelProcessor:69 - Processing root elements
00:13:43.597 [Worker-105] DEBUG o.a.p.ModelProcessor:160 - Processing root elements EActivityHandler: [com.order.manage.ui.OrderActivity]
00:13:43.599 [Worker-105] INFO  o.a.p.ModelProcessor:77 - Processing enclosed elements
00:13:43.600 [Worker-105] DEBUG o.a.p.ModelProcessor:89 - Processing enclosed elements with ViewByIdHandler: [org.androidannotations.model.AnnotationElements$AnnotatedAndRootElements@135e1c1, org.androidannotations.model.AnnotationElements$AnnotatedAndRootElements@f02f68, org.androidannotations.model.AnnotationElements$AnnotatedAndRootElements@1c13745, org.androidannotations.model.AnnotationElements$AnnotatedAndRootElements@784cad]
00:13:43.601 [Worker-105] DEBUG o.a.p.ModelProcessor:89 - Processing enclosed elements with ClickHandler: [org.androidannotations.model.AnnotationElements$AnnotatedAndRootElements@19f77ff]
00:13:43.602 [Worker-105] DEBUG o.a.p.ModelProcessor:89 - Processing enclosed elements with AfterViewsHandler: [org.androidannotations.model.AnnotationElements$AnnotatedAndRootElements@7f43b4]
00:13:43.603 [Worker-105] INFO  o.a.AndroidAnnotationProcessor:250 - Number of files generated by AndroidAnnotations: 1
00:13:43.604 [Worker-105] INFO  o.a.g.ApiCodeGenerator:52 - Writting following API classes in project: []
00:13:43.605 [Worker-105] DEBUG o.a.g.SourceCodewriter:55 - Generating class: com.order.manage.ui.OrderActivity_
00:13:43.623 [Worker-105] INFO  o.a.p.TimeStats:81 - Time measurements: [Whole Processing = 62 ms], [Generate Sources = 20 ms], [Extract Annotations = 11 ms], [Find R Classes = 9 ms], [Validate Annotations = 8 ms], [Process Annotations = 7 ms], [Extract Manifest = 5 ms], 
00:13:43.624 [Worker-105] INFO  o.a.AndroidAnnotationProcessor:122 - Finish processing
